<?xml version="1.0" encoding="UTF-8"?>
<!-- Generated by org.testng.reporters.JUnitXMLReporter -->
<testsuite hostname="Fareed-PC" ignored="4" name="Default test(failed)(failed)" tests="2" failures="0" timestamp="18 Jul 2020 03:41:45 GMT" time="0.086" errors="0">
  <testcase name="signIn" time="0.021" classname="tests.TestNGConcepts"/>
  <testcase name="homePage" time="0.004" classname="tests.TestNGConcepts"/>
  <testcase name="checkTitle" time="0.0" classname="tests.TestNGConcepts">
    <ignored/>
  </testcase> <!-- checkTitle -->
  <testcase name="customerPage" time="0.0" classname="tests.TestNGConcepts">
    <ignored/>
  </testcase> <!-- customerPage -->
  <testcase name="logout" time="0.0" classname="tests.TestNGConcepts">
    <ignored/>
  </testcase> <!-- logout -->
  <testcase name="dashboard" time="0.0" classname="tests.TestNGConcepts">
    <ignored/>
  </testcase> <!-- dashboard -->
</testsuite> <!-- Default test(failed)(failed) -->
